0 info it worked if it ends with ok
1 verbose cli [ '/usr/bin/node',
1 verbose cli   '/usr/bin/npm',
1 verbose cli   'install',
1 verbose cli   'angular-animate',
1 verbose cli   '-S' ]
2 info using npm@1.3.14
3 info using node@v0.10.22
4 verbose node symlink /usr/bin/node
5 warn package.json crypto@0.0.3 crypto is also the name of a node core module.
6 warn package.json facebook@0.0.3 No repository field.
7 warn package.json walk@2.2.1 No repository field.
8 verbose readDependencies using package.json deps
9 verbose cache add [ 'angular-animate', null ]
10 verbose cache add name=undefined spec="angular-animate" args=["angular-animate",null]
11 verbose parsed url { protocol: null,
11 verbose parsed url   slashes: null,
11 verbose parsed url   auth: null,
11 verbose parsed url   host: null,
11 verbose parsed url   port: null,
11 verbose parsed url   hostname: null,
11 verbose parsed url   hash: null,
11 verbose parsed url   search: null,
11 verbose parsed url   query: null,
11 verbose parsed url   pathname: 'angular-animate',
11 verbose parsed url   path: 'angular-animate',
11 verbose parsed url   href: 'angular-animate' }
12 silly lockFile cecbb797-angular-animate angular-animate
13 verbose lock angular-animate /home/schleumer/.npm/cecbb797-angular-animate.lock
14 silly lockFile cecbb797-angular-animate angular-animate
15 silly lockFile cecbb797-angular-animate angular-animate
16 verbose addNamed [ 'angular-animate', '' ]
17 verbose addNamed [ null, '*' ]
18 silly lockFile 509311d3-angular-animate angular-animate@
19 verbose lock angular-animate@ /home/schleumer/.npm/509311d3-angular-animate.lock
20 silly addNameRange { name: 'angular-animate', range: '*', hasData: false }
21 verbose url raw angular-animate
22 verbose url resolving [ 'https://registry.npmjs.org/', './angular-animate' ]
23 verbose url resolved https://registry.npmjs.org/angular-animate
24 info trying registry request attempt 1 at 19:48:22
25 http GET https://registry.npmjs.org/angular-animate
26 http 404 https://registry.npmjs.org/angular-animate
27 silly registry.get cb [ 404,
27 silly registry.get   { date: 'Mon, 30 Dec 2013 22:07:15 GMT',
27 silly registry.get     server: 'CouchDB/1.5.0 (Erlang OTP/R15B03)',
27 silly registry.get     'content-type': 'application/json',
27 silly registry.get     'cache-control': 'max-age=0',
27 silly registry.get     'content-length': '52',
27 silly registry.get     'accept-ranges': 'bytes',
27 silly registry.get     via: '1.1 varnish',
27 silly registry.get     age: '0',
27 silly registry.get     'x-served-by': 'cache-jfk1033-JFK',
27 silly registry.get     'x-cache': 'MISS',
27 silly registry.get     'x-cache-hits': '0',
27 silly registry.get     'x-timer': 'S1388441235.451496363,VS0,VE55',
27 silly registry.get     'keep-alive': 'timeout=10, max=50',
27 silly registry.get     connection: 'Keep-Alive' } ]
28 silly lockFile 509311d3-angular-animate angular-animate@
29 silly lockFile 509311d3-angular-animate angular-animate@
30 error 404 'angular-animate' is not in the npm registry.
30 error 404 You should bug the author to publish it
30 error 404
30 error 404 Note that you can also install from a
30 error 404 tarball, folder, or http url, or git url.
31 error System Linux 3.8.0-34-generic
32 error command "/usr/bin/node" "/usr/bin/npm" "install" "angular-animate" "-S"
33 error cwd /workspace/node/node-topfriends
34 error node -v v0.10.22
35 error npm -v 1.3.14
36 error code E404
37 verbose exit [ 1, true ]
